2017-01-18 14:10:41.987 14:10:41 MP:19495 ERROR - [Wed Jan 18 2017 14:10:41 GMT+0800 (CST)] [master:19495] worker exit: WorkerDiedError: worker 19496 died (code: 1, signal: null, suicide: false, state: dead)
    at EventEmitter.<anonymous> (/Users/showjoy/github/midlog/test/midlog.entry.js:96:17)
    at emitThree (events.js:121:20)
    at EventEmitter.emit (events.js:194:7)
    at ChildProcess.<anonymous> (cluster.js:379:15)
    at ChildProcess.g (events.js:291:16)
    at emitTwo (events.js:106:13)
    at ChildProcess.emit (events.js:191:7)
    at Process.ChildProcess._handle.onexit (internal/child_process.js:215:12)

2017-01-18 14:10:41.999 14:10:41 MP:19495 ERROR - [Wed Jan 18 2017 14:10:41 GMT+0800 (CST)] [master:19495] worker exit: WorkerDiedError: worker 19498 died (code: 1, signal: null, suicide: false, state: dead)
    at EventEmitter.<anonymous> (/Users/showjoy/github/midlog/test/midlog.entry.js:96:17)
    at emitThree (events.js:121:20)
    at EventEmitter.emit (events.js:194:7)
    at ChildProcess.<anonymous> (cluster.js:379:15)
    at ChildProcess.g (events.js:291:16)
    at emitTwo (events.js:106:13)
    at ChildProcess.emit (events.js:191:7)
    at Process.ChildProcess._handle.onexit (internal/child_process.js:215:12)

2017-01-18 14:10:42.038 14:10:42 MP:19495 ERROR - [Wed Jan 18 2017 14:10:42 GMT+0800 (CST)] [master:19495] worker exit: WorkerDiedError: worker 19497 died (code: 1, signal: null, suicide: false, state: dead)
    at EventEmitter.<anonymous> (/Users/showjoy/github/midlog/test/midlog.entry.js:96:17)
    at emitThree (events.js:121:20)
    at EventEmitter.emit (events.js:194:7)
    at ChildProcess.<anonymous> (cluster.js:379:15)
    at ChildProcess.g (events.js:291:16)
    at emitTwo (events.js:106:13)
    at ChildProcess.emit (events.js:191:7)
    at Process.ChildProcess._handle.onexit (internal/child_process.js:215:12)

2017-01-18 14:10:42.040 14:10:42 MP:19495 ERROR - [Wed Jan 18 2017 14:10:42 GMT+0800 (CST)] [master:19495] worker exit: WorkerDiedError: worker 19499 died (code: 1, signal: null, suicide: false, state: dead)
    at EventEmitter.<anonymous> (/Users/showjoy/github/midlog/test/midlog.entry.js:96:17)
    at emitThree (events.js:121:20)
    at EventEmitter.emit (events.js:194:7)
    at ChildProcess.<anonymous> (cluster.js:379:15)
    at ChildProcess.g (events.js:291:16)
    at emitTwo (events.js:106:13)
    at ChildProcess.emit (events.js:191:7)
    at Process.ChildProcess._handle.onexit (internal/child_process.js:215:12)

2017-01-18 14:10:42.185 14:10:42 MP:19495 ERROR - [Wed Jan 18 2017 14:10:42 GMT+0800 (CST)] [master:19495] worker exit: WorkerDiedError: worker 19500 died (code: 1, signal: null, suicide: false, state: dead)
    at EventEmitter.<anonymous> (/Users/showjoy/github/midlog/test/midlog.entry.js:96:17)
    at emitThree (events.js:121:20)
    at EventEmitter.emit (events.js:194:7)
    at ChildProcess.<anonymous> (cluster.js:379:15)
    at ChildProcess.g (events.js:291:16)
    at emitTwo (events.js:106:13)
    at ChildProcess.emit (events.js:191:7)
    at Process.ChildProcess._handle.onexit (internal/child_process.js:215:12)

2017-01-18 14:10:42.186 14:10:42 MP:19495 ERROR - [Wed Jan 18 2017 14:10:42 GMT+0800 (CST)] [master:19495] worker exit: WorkerDiedError: worker 19501 died (code: 1, signal: null, suicide: false, state: dead)
    at EventEmitter.<anonymous> (/Users/showjoy/github/midlog/test/midlog.entry.js:96:17)
    at emitThree (events.js:121:20)
    at EventEmitter.emit (events.js:194:7)
    at ChildProcess.<anonymous> (cluster.js:379:15)
    at ChildProcess.g (events.js:291:16)
    at emitTwo (events.js:106:13)
    at ChildProcess.emit (events.js:191:7)
    at Process.ChildProcess._handle.onexit (internal/child_process.js:215:12)

2017-01-18 14:10:42.199 14:10:42 MP:19495 ERROR - [Wed Jan 18 2017 14:10:42 GMT+0800 (CST)] [master:19495] worker exit: WorkerDiedError: worker 19502 died (code: 1, signal: null, suicide: false, state: dead)
    at EventEmitter.<anonymous> (/Users/showjoy/github/midlog/test/midlog.entry.js:96:17)
    at emitThree (events.js:121:20)
    at EventEmitter.emit (events.js:194:7)
    at ChildProcess.<anonymous> (cluster.js:379:15)
    at ChildProcess.g (events.js:291:16)
    at emitTwo (events.js:106:13)
    at ChildProcess.emit (events.js:191:7)
    at Process.ChildProcess._handle.onexit (internal/child_process.js:215:12)

2017-01-18 14:10:42.201 14:10:42 MP:19495 ERROR - [Wed Jan 18 2017 14:10:42 GMT+0800 (CST)] [master:19495] worker exit: WorkerDiedError: worker 19503 died (code: 1, signal: null, suicide: false, state: dead)
    at EventEmitter.<anonymous> (/Users/showjoy/github/midlog/test/midlog.entry.js:96:17)
    at emitThree (events.js:121:20)
    at EventEmitter.emit (events.js:194:7)
    at ChildProcess.<anonymous> (cluster.js:379:15)
    at ChildProcess.g (events.js:291:16)
    at emitTwo (events.js:106:13)
    at ChildProcess.emit (events.js:191:7)
    at Process.ChildProcess._handle.onexit (internal/child_process.js:215:12)

2017-01-18 14:10:42.320 14:10:42 MP:19495 ERROR - [Wed Jan 18 2017 14:10:42 GMT+0800 (CST)] [master:19495] worker exit: WorkerDiedError: worker 19506 died (code: 1, signal: null, suicide: false, state: dead)
    at EventEmitter.<anonymous> (/Users/showjoy/github/midlog/test/midlog.entry.js:96:17)
    at emitThree (events.js:121:20)
    at EventEmitter.emit (events.js:194:7)
    at ChildProcess.<anonymous> (cluster.js:379:15)
    at ChildProcess.g (events.js:291:16)
    at emitTwo (events.js:106:13)
    at ChildProcess.emit (events.js:191:7)
    at Process.ChildProcess._handle.onexit (internal/child_process.js:215:12)

2017-01-18 14:10:42.334 14:10:42 MP:19495 ERROR - [Wed Jan 18 2017 14:10:42 GMT+0800 (CST)] [master:19495] worker exit: WorkerDiedError: worker 19504 died (code: 1, signal: null, suicide: false, state: dead)
    at EventEmitter.<anonymous> (/Users/showjoy/github/midlog/test/midlog.entry.js:96:17)
    at emitThree (events.js:121:20)
    at EventEmitter.emit (events.js:194:7)
    at ChildProcess.<anonymous> (cluster.js:379:15)
    at ChildProcess.g (events.js:291:16)
    at emitTwo (events.js:106:13)
    at ChildProcess.emit (events.js:191:7)
    at Process.ChildProcess._handle.onexit (internal/child_process.js:215:12)

2017-01-18 14:10:42.390 14:10:42 MP:19495 ERROR - [Wed Jan 18 2017 14:10:42 GMT+0800 (CST)] [master:19495] worker exit: WorkerDiedError: worker 19505 died (code: 1, signal: null, suicide: false, state: dead)
    at EventEmitter.<anonymous> (/Users/showjoy/github/midlog/test/midlog.entry.js:96:17)
    at emitThree (events.js:121:20)
    at EventEmitter.emit (events.js:194:7)
    at ChildProcess.<anonymous> (cluster.js:379:15)
    at ChildProcess.g (events.js:291:16)
    at emitTwo (events.js:106:13)
    at ChildProcess.emit (events.js:191:7)
    at Process.ChildProcess._handle.onexit (internal/child_process.js:215:12)

2017-01-18 14:10:42.392 14:10:42 MP:19495 ERROR - [Wed Jan 18 2017 14:10:42 GMT+0800 (CST)] [master:19495] worker exit: WorkerDiedError: worker 19507 died (code: 1, signal: null, suicide: false, state: dead)
    at EventEmitter.<anonymous> (/Users/showjoy/github/midlog/test/midlog.entry.js:96:17)
    at emitThree (events.js:121:20)
    at EventEmitter.emit (events.js:194:7)
    at ChildProcess.<anonymous> (cluster.js:379:15)
    at ChildProcess.g (events.js:291:16)
    at emitTwo (events.js:106:13)
    at ChildProcess.emit (events.js:191:7)
    at Process.ChildProcess._handle.onexit (internal/child_process.js:215:12)

2017-01-18 14:10:42.490 14:10:42 MP:19495 ERROR - [Wed Jan 18 2017 14:10:42 GMT+0800 (CST)] [master:19495] worker exit: WorkerDiedError: worker 19508 died (code: 1, signal: null, suicide: false, state: dead)
    at EventEmitter.<anonymous> (/Users/showjoy/github/midlog/test/midlog.entry.js:96:17)
    at emitThree (events.js:121:20)
    at EventEmitter.emit (events.js:194:7)
    at ChildProcess.<anonymous> (cluster.js:379:15)
    at ChildProcess.g (events.js:291:16)
    at emitTwo (events.js:106:13)
    at ChildProcess.emit (events.js:191:7)
    at Process.ChildProcess._handle.onexit (internal/child_process.js:215:12)

2017-01-18 14:10:42.491 14:10:42 MP:19495 ERROR - [Wed Jan 18 2017 14:10:42 GMT+0800 (CST)] [master:19495] worker exit: WorkerDiedError: worker 19509 died (code: 1, signal: null, suicide: false, state: dead)
    at EventEmitter.<anonymous> (/Users/showjoy/github/midlog/test/midlog.entry.js:96:17)
    at emitThree (events.js:121:20)
    at EventEmitter.emit (events.js:194:7)
    at ChildProcess.<anonymous> (cluster.js:379:15)
    at ChildProcess.g (events.js:291:16)
    at emitTwo (events.js:106:13)
    at ChildProcess.emit (events.js:191:7)
    at Process.ChildProcess._handle.onexit (internal/child_process.js:215:12)

2017-01-18 14:10:42.500 14:10:42 MP:19495 ERROR - [Wed Jan 18 2017 14:10:42 GMT+0800 (CST)] [master:19495] worker exit: WorkerDiedError: worker 19510 died (code: 1, signal: null, suicide: false, state: dead)
    at EventEmitter.<anonymous> (/Users/showjoy/github/midlog/test/midlog.entry.js:96:17)
    at emitThree (events.js:121:20)
    at EventEmitter.emit (events.js:194:7)
    at ChildProcess.<anonymous> (cluster.js:379:15)
    at ChildProcess.g (events.js:291:16)
    at emitTwo (events.js:106:13)
    at ChildProcess.emit (events.js:191:7)
    at Process.ChildProcess._handle.onexit (internal/child_process.js:215:12)

2017-01-18 14:10:42.536 14:10:42 MP:19495 ERROR - [Wed Jan 18 2017 14:10:42 GMT+0800 (CST)] [master:19495] worker exit: WorkerDiedError: worker 19511 died (code: 1, signal: null, suicide: false, state: dead)
    at EventEmitter.<anonymous> (/Users/showjoy/github/midlog/test/midlog.entry.js:96:17)
    at emitThree (events.js:121:20)
    at EventEmitter.emit (events.js:194:7)
    at ChildProcess.<anonymous> (cluster.js:379:15)
    at ChildProcess.g (events.js:291:16)
    at emitTwo (events.js:106:13)
    at ChildProcess.emit (events.js:191:7)
    at Process.ChildProcess._handle.onexit (internal/child_process.js:215:12)

2017-01-18 14:10:42.640 14:10:42 MP:19495 ERROR - [Wed Jan 18 2017 14:10:42 GMT+0800 (CST)] [master:19495] worker exit: WorkerDiedError: worker 19512 died (code: 1, signal: null, suicide: false, state: dead)
    at EventEmitter.<anonymous> (/Users/showjoy/github/midlog/test/midlog.entry.js:96:17)
    at emitThree (events.js:121:20)
    at EventEmitter.emit (events.js:194:7)
    at ChildProcess.<anonymous> (cluster.js:379:15)
    at ChildProcess.g (events.js:291:16)
    at emitTwo (events.js:106:13)
    at ChildProcess.emit (events.js:191:7)
    at Process.ChildProcess._handle.onexit (internal/child_process.js:215:12)

2017-01-18 14:10:42.679 14:10:42 MP:19495 ERROR - [Wed Jan 18 2017 14:10:42 GMT+0800 (CST)] [master:19495] worker exit: WorkerDiedError: worker 19513 died (code: 1, signal: null, suicide: false, state: dead)
    at EventEmitter.<anonymous> (/Users/showjoy/github/midlog/test/midlog.entry.js:96:17)
    at emitThree (events.js:121:20)
    at EventEmitter.emit (events.js:194:7)
    at ChildProcess.<anonymous> (cluster.js:379:15)
    at ChildProcess.g (events.js:291:16)
    at emitTwo (events.js:106:13)
    at ChildProcess.emit (events.js:191:7)
    at Process.ChildProcess._handle.onexit (internal/child_process.js:215:12)

2017-01-18 14:10:42.680 14:10:42 MP:19495 ERROR - [Wed Jan 18 2017 14:10:42 GMT+0800 (CST)] [master:19495] worker exit: WorkerDiedError: worker 19514 died (code: 1, signal: null, suicide: false, state: dead)
    at EventEmitter.<anonymous> (/Users/showjoy/github/midlog/test/midlog.entry.js:96:17)
    at emitThree (events.js:121:20)
    at EventEmitter.emit (events.js:194:7)
    at ChildProcess.<anonymous> (cluster.js:379:15)
    at ChildProcess.g (events.js:291:16)
    at emitTwo (events.js:106:13)
    at ChildProcess.emit (events.js:191:7)
    at Process.ChildProcess._handle.onexit (internal/child_process.js:215:12)

2017-01-18 14:10:42.707 14:10:42 MP:19495 ERROR - [Wed Jan 18 2017 14:10:42 GMT+0800 (CST)] [master:19495] worker exit: WorkerDiedError: worker 19515 died (code: 1, signal: null, suicide: false, state: dead)
    at EventEmitter.<anonymous> (/Users/showjoy/github/midlog/test/midlog.entry.js:96:17)
    at emitThree (events.js:121:20)
    at EventEmitter.emit (events.js:194:7)
    at ChildProcess.<anonymous> (cluster.js:379:15)
    at ChildProcess.g (events.js:291:16)
    at emitTwo (events.js:106:13)
    at ChildProcess.emit (events.js:191:7)
    at Process.ChildProcess._handle.onexit (internal/child_process.js:215:12)

2017-01-18 14:10:42.834 14:10:42 MP:19495 ERROR - [Wed Jan 18 2017 14:10:42 GMT+0800 (CST)] [master:19495] worker exit: WorkerDiedError: worker 19516 died (code: 1, signal: null, suicide: false, state: dead)
    at EventEmitter.<anonymous> (/Users/showjoy/github/midlog/test/midlog.entry.js:96:17)
    at emitThree (events.js:121:20)
    at EventEmitter.emit (events.js:194:7)
    at ChildProcess.<anonymous> (cluster.js:379:15)
    at ChildProcess.g (events.js:291:16)
    at emitTwo (events.js:106:13)
    at ChildProcess.emit (events.js:191:7)
    at Process.ChildProcess._handle.onexit (internal/child_process.js:215:12)

2017-01-18 14:10:42.834 14:10:42 MP:19495 ERROR - [Wed Jan 18 2017 14:10:42 GMT+0800 (CST)] [master:19495] worker exit: WorkerDiedError: worker 19517 died (code: 1, signal: null, suicide: false, state: dead)
    at EventEmitter.<anonymous> (/Users/showjoy/github/midlog/test/midlog.entry.js:96:17)
    at emitThree (events.js:121:20)
    at EventEmitter.emit (events.js:194:7)
    at ChildProcess.<anonymous> (cluster.js:379:15)
    at ChildProcess.g (events.js:291:16)
    at emitTwo (events.js:106:13)
    at ChildProcess.emit (events.js:191:7)
    at Process.ChildProcess._handle.onexit (internal/child_process.js:215:12)

2017-01-18 14:10:42.855 14:10:42 MP:19495 ERROR - [Wed Jan 18 2017 14:10:42 GMT+0800 (CST)] [master:19495] worker exit: WorkerDiedError: worker 19518 died (code: 1, signal: null, suicide: false, state: dead)
    at EventEmitter.<anonymous> (/Users/showjoy/github/midlog/test/midlog.entry.js:96:17)
    at emitThree (events.js:121:20)
    at EventEmitter.emit (events.js:194:7)
    at ChildProcess.<anonymous> (cluster.js:379:15)
    at ChildProcess.g (events.js:291:16)
    at emitTwo (events.js:106:13)
    at ChildProcess.emit (events.js:191:7)
    at Process.ChildProcess._handle.onexit (internal/child_process.js:215:12)

2017-01-18 14:10:42.896 14:10:42 MP:19495 ERROR - [Wed Jan 18 2017 14:10:42 GMT+0800 (CST)] [master:19495] worker exit: WorkerDiedError: worker 19519 died (code: 1, signal: null, suicide: false, state: dead)
    at EventEmitter.<anonymous> (/Users/showjoy/github/midlog/test/midlog.entry.js:96:17)
    at emitThree (events.js:121:20)
    at EventEmitter.emit (events.js:194:7)
    at ChildProcess.<anonymous> (cluster.js:379:15)
    at ChildProcess.g (events.js:291:16)
    at emitTwo (events.js:106:13)
    at ChildProcess.emit (events.js:191:7)
    at Process.ChildProcess._handle.onexit (internal/child_process.js:215:12)

2017-01-18 14:10:43.008 14:10:43 MP:19495 ERROR - [Wed Jan 18 2017 14:10:43 GMT+0800 (CST)] [master:19495] worker exit: WorkerDiedError: worker 19520 died (code: 1, signal: null, suicide: false, state: dead)
    at EventEmitter.<anonymous> (/Users/showjoy/github/midlog/test/midlog.entry.js:96:17)
    at emitThree (events.js:121:20)
    at EventEmitter.emit (events.js:194:7)
    at ChildProcess.<anonymous> (cluster.js:379:15)
    at ChildProcess.g (events.js:291:16)
    at emitTwo (events.js:106:13)
    at ChildProcess.emit (events.js:191:7)
    at Process.ChildProcess._handle.onexit (internal/child_process.js:215:12)

2017-01-18 14:10:43.012 14:10:43 MP:19495 ERROR - [Wed Jan 18 2017 14:10:43 GMT+0800 (CST)] [master:19495] worker exit: WorkerDiedError: worker 19521 died (code: 1, signal: null, suicide: false, state: dead)
    at EventEmitter.<anonymous> (/Users/showjoy/github/midlog/test/midlog.entry.js:96:17)
    at emitThree (events.js:121:20)
    at EventEmitter.emit (events.js:194:7)
    at ChildProcess.<anonymous> (cluster.js:379:15)
    at ChildProcess.g (events.js:291:16)
    at emitTwo (events.js:106:13)
    at ChildProcess.emit (events.js:191:7)
    at Process.ChildProcess._handle.onexit (internal/child_process.js:215:12)

2017-01-18 14:10:43.027 14:10:43 MP:19495 ERROR - [Wed Jan 18 2017 14:10:43 GMT+0800 (CST)] [master:19495] worker exit: WorkerDiedError: worker 19522 died (code: 1, signal: null, suicide: false, state: dead)
    at EventEmitter.<anonymous> (/Users/showjoy/github/midlog/test/midlog.entry.js:96:17)
    at emitThree (events.js:121:20)
    at EventEmitter.emit (events.js:194:7)
    at ChildProcess.<anonymous> (cluster.js:379:15)
    at ChildProcess.g (events.js:291:16)
    at emitTwo (events.js:106:13)
    at ChildProcess.emit (events.js:191:7)
    at Process.ChildProcess._handle.onexit (internal/child_process.js:215:12)

2017-01-18 14:10:43.102 14:10:43 MP:19495 ERROR - [Wed Jan 18 2017 14:10:43 GMT+0800 (CST)] [master:19495] worker exit: WorkerDiedError: worker 19523 died (code: 1, signal: null, suicide: false, state: dead)
    at EventEmitter.<anonymous> (/Users/showjoy/github/midlog/test/midlog.entry.js:96:17)
    at emitThree (events.js:121:20)
    at EventEmitter.emit (events.js:194:7)
    at ChildProcess.<anonymous> (cluster.js:379:15)
    at ChildProcess.g (events.js:291:16)
    at emitTwo (events.js:106:13)
    at ChildProcess.emit (events.js:191:7)
    at Process.ChildProcess._handle.onexit (internal/child_process.js:215:12)

2017-01-18 14:10:43.186 14:10:43 MP:19495 ERROR - [Wed Jan 18 2017 14:10:43 GMT+0800 (CST)] [master:19495] worker exit: WorkerDiedError: worker 19524 died (code: 1, signal: null, suicide: false, state: dead)
    at EventEmitter.<anonymous> (/Users/showjoy/github/midlog/test/midlog.entry.js:96:17)
    at emitThree (events.js:121:20)
    at EventEmitter.emit (events.js:194:7)
    at ChildProcess.<anonymous> (cluster.js:379:15)
    at ChildProcess.g (events.js:291:16)
    at emitTwo (events.js:106:13)
    at ChildProcess.emit (events.js:191:7)
    at Process.ChildProcess._handle.onexit (internal/child_process.js:215:12)

2017-01-18 14:10:43.186 14:10:43 MP:19495 ERROR - [Wed Jan 18 2017 14:10:43 GMT+0800 (CST)] [master:19495] worker exit: WorkerDiedError: worker 19525 died (code: 1, signal: null, suicide: false, state: dead)
    at EventEmitter.<anonymous> (/Users/showjoy/github/midlog/test/midlog.entry.js:96:17)
    at emitThree (events.js:121:20)
    at EventEmitter.emit (events.js:194:7)
    at ChildProcess.<anonymous> (cluster.js:379:15)
    at ChildProcess.g (events.js:291:16)
    at emitTwo (events.js:106:13)
    at ChildProcess.emit (events.js:191:7)
    at Process.ChildProcess._handle.onexit (internal/child_process.js:215:12)

2017-01-18 14:11:20.498 14:11:20 MidProxy:19551 ERROR - midlog tracing/ this is the first valve!! 

2017-01-18 14:11:20.499 14:11:20 MidProxy:19551 ERROR - midlog tracing/ this is the 2cd valve!! 

